{"D:\\node-api-ci-cd-deploy\\src\\app.js": {"path":"D:\\node-api-ci-cd-deploy\\src\\app.js","statementMap":{"0":{"start":{"line":2,"column":16},"end":{"line":2,"column":34}},"1":{"start":{"line":3,"column":20},"end":{"line":3,"column":45}},"2":{"start":{"line":5,"column":12},"end":{"line":5,"column":21}},"3":{"start":{"line":7,"column":0},"end":{"line":7,"column":24}},"4":{"start":{"line":9,"column":0},"end":{"line":11,"column":3}},"5":{"start":{"line":10,"column":2},"end":{"line":10,"column":29}},"6":{"start":{"line":13,"column":0},"end":{"line":13,"column":31}},"7":{"start":{"line":15,"column":0},"end":{"line":15,"column":21}}},"fnMap":{"0":{"name":"(anonymous_0)","decl":{"start":{"line":9,"column":19},"end":{"line":9,"column":20}},"loc":{"start":{"line":9,"column":33},"end":{"line":11,"column":1}},"line":9}},"branchMap":{},"s":{"0":1,"1":1,"2":1,"3":1,"4":1,"5":1,"6":1,"7":1},"f":{"0":1},"b":{},"_coverageSchema":"1a1c01bbd47fc00a2c39e90264f33305004495a9","hash":"07c26127f705b4830dcef9d33f94ecb360f4f54b"}
,"D:\\node-api-ci-cd-deploy\\src\\routes\\tasks.js": {"path":"D:\\node-api-ci-cd-deploy\\src\\routes\\tasks.js","statementMap":{"0":{"start":{"line":2,"column":16},"end":{"line":2,"column":34}},"1":{"start":{"line":3,"column":14},"end":{"line":3,"column":33}},"2":{"start":{"line":5,"column":15},"end":{"line":5,"column":31}},"3":{"start":{"line":7,"column":0},"end":{"line":9,"column":3}},"4":{"start":{"line":8,"column":2},"end":{"line":8,"column":27}},"5":{"start":{"line":11,"column":0},"end":{"line":17,"column":3}},"6":{"start":{"line":12,"column":20},"end":{"line":12,"column":28}},"7":{"start":{"line":13,"column":2},"end":{"line":13,"column":74}},"8":{"start":{"line":13,"column":14},"end":{"line":13,"column":74}},"9":{"start":{"line":15,"column":15},"end":{"line":15,"column":34}},"10":{"start":{"line":16,"column":2},"end":{"line":16,"column":29}},"11":{"start":{"line":19,"column":0},"end":{"line":25,"column":3}},"12":{"start":{"line":20,"column":13},"end":{"line":20,"column":34}},"13":{"start":{"line":21,"column":15},"end":{"line":21,"column":41}},"14":{"start":{"line":23,"column":2},"end":{"line":23,"column":70}},"15":{"start":{"line":23,"column":13},"end":{"line":23,"column":70}},"16":{"start":{"line":24,"column":2},"end":{"line":24,"column":17}},"17":{"start":{"line":27,"column":0},"end":{"line":33,"column":3}},"18":{"start":{"line":28,"column":13},"end":{"line":28,"column":34}},"19":{"start":{"line":29,"column":13},"end":{"line":29,"column":29}},"20":{"start":{"line":31,"column":2},"end":{"line":31,"column":68}},"21":{"start":{"line":31,"column":11},"end":{"line":31,"column":68}},"22":{"start":{"line":32,"column":2},"end":{"line":32,"column":24}},"23":{"start":{"line":35,"column":0},"end":{"line":35,"column":24}}},"fnMap":{"0":{"name":"(anonymous_0)","decl":{"start":{"line":7,"column":16},"end":{"line":7,"column":17}},"loc":{"start":{"line":7,"column":30},"end":{"line":9,"column":1}},"line":7},"1":{"name":"(anonymous_1)","decl":{"start":{"line":11,"column":17},"end":{"line":11,"column":18}},"loc":{"start":{"line":11,"column":31},"end":{"line":17,"column":1}},"line":11},"2":{"name":"(anonymous_2)","decl":{"start":{"line":19,"column":19},"end":{"line":19,"column":20}},"loc":{"start":{"line":19,"column":33},"end":{"line":25,"column":1}},"line":19},"3":{"name":"(anonymous_3)","decl":{"start":{"line":27,"column":22},"end":{"line":27,"column":23}},"loc":{"start":{"line":27,"column":36},"end":{"line":33,"column":1}},"line":27}},"branchMap":{"0":{"loc":{"start":{"line":13,"column":2},"end":{"line":13,"column":74}},"type":"if","locations":[{"start":{"line":13,"column":2},"end":{"line":13,"column":74}},{"start":{},"end":{}}],"line":13},"1":{"loc":{"start":{"line":23,"column":2},"end":{"line":23,"column":70}},"type":"if","locations":[{"start":{"line":23,"column":2},"end":{"line":23,"column":70}},{"start":{},"end":{}}],"line":23},"2":{"loc":{"start":{"line":31,"column":2},"end":{"line":31,"column":68}},"type":"if","locations":[{"start":{"line":31,"column":2},"end":{"line":31,"column":68}},{"start":{},"end":{}}],"line":31}},"s":{"0":1,"1":1,"2":1,"3":1,"4":4,"5":1,"6":6,"7":6,"8":1,"9":5,"10":5,"11":1,"12":0,"13":0,"14":0,"15":0,"16":0,"17":1,"18":0,"19":0,"20":0,"21":0,"22":0,"23":1},"f":{"0":4,"1":6,"2":0,"3":0},"b":{"0":[1,5],"1":[0,0],"2":[0,0]},"_coverageSchema":"1a1c01bbd47fc00a2c39e90264f33305004495a9","hash":"2bfc2f0c265907a34c50dd730c5c2130c5dce5ca"}
}
