{"D:\\node-api-ci-cd-deploy\\src\\app.js": {"path":"D:\\node-api-ci-cd-deploy\\src\\app.js","statementMap":{"0":{"start":{"line":2,"column":16},"end":{"line":2,"column":34}},"1":{"start":{"line":3,"column":20},"end":{"line":3,"column":45}},"2":{"start":{"line":5,"column":12},"end":{"line":5,"column":21}},"3":{"start":{"line":7,"column":0},"end":{"line":7,"column":24}},"4":{"start":{"line":9,"column":0},"end":{"line":11,"column":3}},"5":{"start":{"line":10,"column":2},"end":{"line":10,"column":29}},"6":{"start":{"line":13,"column":0},"end":{"line":13,"column":31}},"7":{"start":{"line":15,"column":0},"end":{"line":15,"column":21}}},"fnMap":{"0":{"name":"(anonymous_0)","decl":{"start":{"line":9,"column":19},"end":{"line":9,"column":20}},"loc":{"start":{"line":9,"column":33},"end":{"line":11,"column":1}},"line":9}},"branchMap":{},"s":{"0":1,"1":1,"2":1,"3":1,"4":1,"5":1,"6":1,"7":1},"f":{"0":1},"b":{},"_coverageSchema":"1a1c01bbd47fc00a2c39e90264f33305004495a9","hash":"07c26127f705b4830dcef9d33f94ecb360f4f54b"}
,"D:\\node-api-ci-cd-deploy\\src\\store.js": {"path":"D:\\node-api-ci-cd-deploy\\src\\store.js","statementMap":{"0":{"start":{"line":2,"column":12},"end":{"line":2,"column":14}},"1":{"start":{"line":3,"column":16},"end":{"line":3,"column":17}},"2":{"start":{"line":6,"column":2},"end":{"line":6,"column":15}},"3":{"start":{"line":10,"column":15},"end":{"line":10,"column":59}},"4":{"start":{"line":11,"column":2},"end":{"line":11,"column":19}},"5":{"start":{"line":12,"column":2},"end":{"line":12,"column":14}},"6":{"start":{"line":16,"column":15},"end":{"line":16,"column":43}},"7":{"start":{"line":16,"column":31},"end":{"line":16,"column":42}},"8":{"start":{"line":17,"column":2},"end":{"line":17,"column":25}},"9":{"start":{"line":17,"column":13},"end":{"line":17,"column":25}},"10":{"start":{"line":19,"column":2},"end":{"line":19,"column":56}},"11":{"start":{"line":19,"column":32},"end":{"line":19,"column":56}},"12":{"start":{"line":20,"column":2},"end":{"line":20,"column":68}},"13":{"start":{"line":20,"column":36},"end":{"line":20,"column":68}},"14":{"start":{"line":22,"column":2},"end":{"line":22,"column":14}},"15":{"start":{"line":26,"column":16},"end":{"line":26,"column":49}},"16":{"start":{"line":26,"column":37},"end":{"line":26,"column":48}},"17":{"start":{"line":27,"column":2},"end":{"line":27,"column":33}},"18":{"start":{"line":27,"column":20},"end":{"line":27,"column":33}},"19":{"start":{"line":28,"column":2},"end":{"line":28,"column":25}},"20":{"start":{"line":29,"column":2},"end":{"line":29,"column":14}},"21":{"start":{"line":33,"column":2},"end":{"line":33,"column":13}},"22":{"start":{"line":34,"column":2},"end":{"line":34,"column":16}},"23":{"start":{"line":37,"column":0},"end":{"line":37,"column":59}}},"fnMap":{"0":{"name":"getAll","decl":{"start":{"line":5,"column":9},"end":{"line":5,"column":15}},"loc":{"start":{"line":5,"column":18},"end":{"line":7,"column":1}},"line":5},"1":{"name":"create","decl":{"start":{"line":9,"column":9},"end":{"line":9,"column":15}},"loc":{"start":{"line":9,"column":23},"end":{"line":13,"column":1}},"line":9},"2":{"name":"update","decl":{"start":{"line":15,"column":9},"end":{"line":15,"column":15}},"loc":{"start":{"line":15,"column":26},"end":{"line":23,"column":1}},"line":15},"3":{"name":"(anonymous_3)","decl":{"start":{"line":16,"column":26},"end":{"line":16,"column":27}},"loc":{"start":{"line":16,"column":31},"end":{"line":16,"column":42}},"line":16},"4":{"name":"remove","decl":{"start":{"line":25,"column":9},"end":{"line":25,"column":15}},"loc":{"start":{"line":25,"column":20},"end":{"line":30,"column":1}},"line":25},"5":{"name":"(anonymous_5)","decl":{"start":{"line":26,"column":32},"end":{"line":26,"column":33}},"loc":{"start":{"line":26,"column":37},"end":{"line":26,"column":48}},"line":26},"6":{"name":"reset","decl":{"start":{"line":32,"column":9},"end":{"line":32,"column":14}},"loc":{"start":{"line":32,"column":17},"end":{"line":35,"column":1}},"line":32}},"branchMap":{"0":{"loc":{"start":{"line":17,"column":2},"end":{"line":17,"column":25}},"type":"if","locations":[{"start":{"line":17,"column":2},"end":{"line":17,"column":25}},{"start":{},"end":{}}],"line":17},"1":{"loc":{"start":{"line":19,"column":2},"end":{"line":19,"column":56}},"type":"if","locations":[{"start":{"line":19,"column":2},"end":{"line":19,"column":56}},{"start":{},"end":{}}],"line":19},"2":{"loc":{"start":{"line":20,"column":2},"end":{"line":20,"column":68}},"type":"if","locations":[{"start":{"line":20,"column":2},"end":{"line":20,"column":68}},{"start":{},"end":{}}],"line":20},"3":{"loc":{"start":{"line":27,"column":2},"end":{"line":27,"column":33}},"type":"if","locations":[{"start":{"line":27,"column":2},"end":{"line":27,"column":33}},{"start":{},"end":{}}],"line":27}},"s":{"0":1,"1":1,"2":1,"3":1,"4":1,"5":1,"6":0,"7":0,"8":0,"9":0,"10":0,"11":0,"12":0,"13":0,"14":0,"15":0,"16":0,"17":0,"18":0,"19":0,"20":0,"21":2,"22":2,"23":1},"f":{"0":1,"1":1,"2":0,"3":0,"4":0,"5":0,"6":2},"b":{"0":[0,0],"1":[0,0],"2":[0,0],"3":[0,0]},"_coverageSchema":"1a1c01bbd47fc00a2c39e90264f33305004495a9","hash":"ad40005bc1714c1f87bb8f7f2854f125e0075c17"}
,"D:\\node-api-ci-cd-deploy\\src\\routes\\tasks.js": {"path":"D:\\node-api-ci-cd-deploy\\src\\routes\\tasks.js","statementMap":{"0":{"start":{"line":2,"column":16},"end":{"line":2,"column":34}},"1":{"start":{"line":3,"column":14},"end":{"line":3,"column":33}},"2":{"start":{"line":5,"column":15},"end":{"line":5,"column":31}},"3":{"start":{"line":7,"column":0},"end":{"line":9,"column":3}},"4":{"start":{"line":8,"column":2},"end":{"line":8,"column":27}},"5":{"start":{"line":11,"column":0},"end":{"line":17,"column":3}},"6":{"start":{"line":12,"column":20},"end":{"line":12,"column":28}},"7":{"start":{"line":13,"column":2},"end":{"line":13,"column":74}},"8":{"start":{"line":13,"column":14},"end":{"line":13,"column":74}},"9":{"start":{"line":15,"column":15},"end":{"line":15,"column":34}},"10":{"start":{"line":16,"column":2},"end":{"line":16,"column":29}},"11":{"start":{"line":19,"column":0},"end":{"line":25,"column":3}},"12":{"start":{"line":20,"column":13},"end":{"line":20,"column":34}},"13":{"start":{"line":21,"column":15},"end":{"line":21,"column":41}},"14":{"start":{"line":23,"column":2},"end":{"line":23,"column":70}},"15":{"start":{"line":23,"column":13},"end":{"line":23,"column":70}},"16":{"start":{"line":24,"column":2},"end":{"line":24,"column":17}},"17":{"start":{"line":27,"column":0},"end":{"line":33,"column":3}},"18":{"start":{"line":28,"column":13},"end":{"line":28,"column":34}},"19":{"start":{"line":29,"column":13},"end":{"line":29,"column":29}},"20":{"start":{"line":31,"column":2},"end":{"line":31,"column":68}},"21":{"start":{"line":31,"column":11},"end":{"line":31,"column":68}},"22":{"start":{"line":32,"column":2},"end":{"line":32,"column":24}},"23":{"start":{"line":35,"column":0},"end":{"line":35,"column":24}}},"fnMap":{"0":{"name":"(anonymous_0)","decl":{"start":{"line":7,"column":16},"end":{"line":7,"column":17}},"loc":{"start":{"line":7,"column":30},"end":{"line":9,"column":1}},"line":7},"1":{"name":"(anonymous_1)","decl":{"start":{"line":11,"column":17},"end":{"line":11,"column":18}},"loc":{"start":{"line":11,"column":31},"end":{"line":17,"column":1}},"line":11},"2":{"name":"(anonymous_2)","decl":{"start":{"line":19,"column":19},"end":{"line":19,"column":20}},"loc":{"start":{"line":19,"column":33},"end":{"line":25,"column":1}},"line":19},"3":{"name":"(anonymous_3)","decl":{"start":{"line":27,"column":22},"end":{"line":27,"column":23}},"loc":{"start":{"line":27,"column":36},"end":{"line":33,"column":1}},"line":27}},"branchMap":{"0":{"loc":{"start":{"line":13,"column":2},"end":{"line":13,"column":74}},"type":"if","locations":[{"start":{"line":13,"column":2},"end":{"line":13,"column":74}},{"start":{},"end":{}}],"line":13},"1":{"loc":{"start":{"line":23,"column":2},"end":{"line":23,"column":70}},"type":"if","locations":[{"start":{"line":23,"column":2},"end":{"line":23,"column":70}},{"start":{},"end":{}}],"line":23},"2":{"loc":{"start":{"line":31,"column":2},"end":{"line":31,"column":68}},"type":"if","locations":[{"start":{"line":31,"column":2},"end":{"line":31,"column":68}},{"start":{},"end":{}}],"line":31}},"s":{"0":1,"1":1,"2":1,"3":1,"4":1,"5":1,"6":1,"7":1,"8":0,"9":1,"10":1,"11":1,"12":0,"13":0,"14":0,"15":0,"16":0,"17":1,"18":0,"19":0,"20":0,"21":0,"22":0,"23":1},"f":{"0":1,"1":1,"2":0,"3":0},"b":{"0":[0,1],"1":[0,0],"2":[0,0]},"_coverageSchema":"1a1c01bbd47fc00a2c39e90264f33305004495a9","hash":"2bfc2f0c265907a34c50dd730c5c2130c5dce5ca"}
}
