TN:
SF:src\app.js
FN:9,(anonymous_0)
FNF:1
FNH:1
FNDA:1,(anonymous_0)
DA:2,1
DA:3,1
DA:5,1
DA:7,1
DA:9,1
DA:10,1
DA:13,1
DA:15,1
LF:8
LH:8
BRF:0
BRH:0
end_of_record
TN:
SF:src\store.js
FN:5,getAll
FN:9,create
FN:15,update
FN:16,(anonymous_3)
FN:25,remove
FN:26,(anonymous_5)
FN:32,reset
FNF:7
FNH:3
FNDA:1,getAll
FNDA:1,create
FNDA:0,update
FNDA:0,(anonymous_3)
FNDA:0,remove
FNDA:0,(anonymous_5)
FNDA:2,reset
DA:2,1
DA:3,1
DA:6,1
DA:10,1
DA:11,1
DA:12,1
DA:16,0
DA:17,0
DA:19,0
DA:20,0
DA:22,0
DA:26,0
DA:27,0
DA:28,0
DA:29,0
DA:33,2
DA:34,2
DA:37,1
LF:18
LH:9
BRDA:17,0,0,0
BRDA:17,0,1,0
BRDA:19,1,0,0
BRDA:19,1,1,0
BRDA:20,2,0,0
BRDA:20,2,1,0
BRDA:27,3,0,0
BRDA:27,3,1,0
BRF:8
BRH:0
end_of_record
TN:
SF:src\routes\tasks.js
FN:7,(anonymous_0)
FN:11,(anonymous_1)
FN:19,(anonymous_2)
FN:27,(anonymous_3)
FNF:4
FNH:2
FNDA:1,(anonymous_0)
FNDA:1,(anonymous_1)
FNDA:0,(anonymous_2)
FNDA:0,(anonymous_3)
DA:2,1
DA:3,1
DA:5,1
DA:7,1
DA:8,1
DA:11,1
DA:12,1
DA:13,1
DA:15,1
DA:16,1
DA:19,1
DA:20,0
DA:21,0
DA:23,0
DA:24,0
DA:27,1
DA:28,0
DA:29,0
DA:31,0
DA:32,0
DA:35,1
LF:21
LH:13
BRDA:13,0,0,0
BRDA:13,0,1,1
BRDA:23,1,0,0
BRDA:23,1,1,0
BRDA:31,2,0,0
BRDA:31,2,1,0
BRF:6
BRH:1
end_of_record
